<?xml version="1.0" encoding="UTF-8"?>
<testng-results ignored="0" total="1" passed="1" failed="0" skipped="0">
  <reporter-output>
  </reporter-output>
  <suite started-at="2024-05-27T11:42:30 IST" name="All Test Suite" finished-at="2024-05-27T11:48:46 IST" duration-ms="375535">
    <groups>
      <group name="cucumber">
        <method signature="AbstractTestNGCucumberTests.runScenario(io.cucumber.testng.PickleWrapper,io.cucumber.testng.FeatureWrapper)[pri:0, instance:org.govstack.TestRunner.TestRunner@41e36e46]" name="runScenario" class="io.cucumber.testng.AbstractTestNGCucumberTests"/>
      </group> <!-- cucumber -->
    </groups>
    <test started-at="2024-05-27T11:42:30 IST" name="GovStack Automation" finished-at="2024-05-27T11:48:46 IST" duration-ms="375535">
      <class name="org.govstack.TestRunner.TestRunner">
        <test-method is-config="true" signature="setUpClass(org.testng.ITestContext)[pri:0, instance:org.govstack.TestRunner.TestRunner@41e36e46]" started-at="2024-05-27T11:42:31 IST" name="setUpClass" finished-at="2024-05-27T11:42:31 IST" duration-ms="552" status="PASS">
          <params>
            <param index="0">
              <value>
                <![CDATA[org.testng.TestRunner@1e6d30c0]]>
              </value>
            </param>
          </params>
          <reporter-output>
          </reporter-output>
        </test-method> <!-- setUpClass -->
        <test-method signature="runScenario(io.cucumber.testng.PickleWrapper,io.cucumber.testng.FeatureWrapper)[pri:0, instance:org.govstack.TestRunner.TestRunner@41e36e46]" started-at="2024-05-27T11:42:31 IST" name="runScenario" description="Runs Cucumber Scenarios" data-provider="scenarios" finished-at="2024-05-27T11:48:44 IST" duration-ms="373149" status="PASS">
          <params>
            <param index="0">
              <value>
                <![CDATA["Create a news and publish"]]>
              </value>
            </param>
            <param index="1">
              <value>
                <![CDATA["News Scenarios"]]>
              </value>
            </param>
          </params>
          <reporter-output>
          </reporter-output>
        </test-method> <!-- runScenario -->
        <test-method is-config="true" signature="tearDownClass()[pri:0, instance:org.govstack.TestRunner.TestRunner@41e36e46]" started-at="2024-05-27T11:48:46 IST" name="tearDownClass" finished-at="2024-05-27T11:48:46 IST" duration-ms="30" status="PASS">
          <reporter-output>
          </reporter-output>
        </test-method> <!-- tearDownClass -->
      </class> <!-- org.govstack.TestRunner.TestRunner -->
    </test> <!-- GovStack Automation -->
  </suite> <!-- All Test Suite -->
</testng-results>
